Apr-26 17:49:43.891 [main] DEBUG nextflow.cli.Launcher - $> nextflow run main.nf --reads 'data/*_{1,2}.fastq.gz' --ref data/reference.fasta -with-docker 'ngs-pipeline:1.0'
Apr-26 17:49:44.115 [main] DEBUG nextflow.cli.CmdRun - N E X T F L O W  ~  version 25.10.4
Apr-26 17:49:44.151 [main] DEBUG nextflow.plugin.PluginsFacade - Setting up plugin manager > mode=prod; embedded=false; plugins-dir=/home/codespace/.nextflow/plugins; core-plugins: nf-amazon@3.4.4,nf-azure@1.20.2,nf-cloudcache@0.5.0,nf-codecommit@0.5.0,nf-console@1.3.0,nf-google@1.23.5,nf-k8s@1.2.2,nf-tower@1.17.5,nf-wave@1.16.1
Apr-26 17:49:44.204 [main] INFO  o.pf4j.DefaultPluginStatusProvider - Enabled plugins: []
Apr-26 17:49:44.205 [main] INFO  o.pf4j.DefaultPluginStatusProvider - Disabled plugins: []
Apr-26 17:49:44.210 [main] INFO  org.pf4j.DefaultPluginManager - PF4J version 3.12.0 in 'deployment' mode
Apr-26 17:49:44.237 [main] DEBUG nextflow.util.RetryConfig - Missing nextflow session - using default retry config
Apr-26 17:49:44.432 [main] INFO  org.pf4j.AbstractPluginManager - No plugins
Apr-26 17:49:44.501 [main] DEBUG nextflow.config.ConfigBuilder - Found config local: /workspaces/clinical-ngs-pipeline/nextflow.config
Apr-26 17:49:44.507 [main] DEBUG nextflow.config.ConfigBuilder - Parsing config file: /workspaces/clinical-ngs-pipeline/nextflow.config
Apr-26 17:49:44.574 [main] DEBUG nextflow.config.ConfigBuilder - Applying config profile: `standard`
Apr-26 17:49:45.406 [main] DEBUG nextflow.config.ConfigBuilder - Enabling execution in Docker container as requested by command-line option `-with-docker ngs-pipeline:1.0`
Apr-26 17:49:45.419 [main] DEBUG nextflow.plugin.PluginsFacade - Plugins default=[]
Apr-26 17:49:45.419 [main] DEBUG nextflow.plugin.PluginsFacade - Plugins resolved requirement=[]
Apr-26 17:49:45.441 [main] DEBUG n.secret.LocalSecretsProvider - Secrets store: /home/codespace/.nextflow/secrets/store.json
Apr-26 17:49:45.445 [main] DEBUG nextflow.secret.SecretsLoader - Discovered secrets providers: [nextflow.secret.LocalSecretsProvider@5399f6c5] - activable => nextflow.secret.LocalSecretsProvider@5399f6c5
Apr-26 17:49:45.448 [main] DEBUG nextflow.cli.CmdRun - Applied DSL=2 from script declaration
Apr-26 17:49:45.470 [main] DEBUG nextflow.cli.CmdRun - Launching `main.nf` [angry_crick] DSL2 - revision: d451683a0b
Apr-26 17:49:45.557 [main] DEBUG nextflow.Session - Session UUID: 8c2c19e9-332d-462d-88fc-16d23a4b28f5
Apr-26 17:49:45.557 [main] DEBUG nextflow.Session - Run name: angry_crick
Apr-26 17:49:45.558 [main] DEBUG nextflow.Session - Executor pool size: 2
Apr-26 17:49:45.577 [main] DEBUG nextflow.file.FilePorter - File porter settings maxRetries=3; maxTransfers=50; pollTimeout=null
Apr-26 17:49:45.585 [main] DEBUG nextflow.util.ThreadPoolBuilder - Creating thread pool 'FileTransfer' minSize=10; maxSize=10; workQueue=LinkedBlockingQueue[-1]; allowCoreThreadTimeout=false
Apr-26 17:49:45.617 [main] DEBUG nextflow.cli.CmdRun - 
  Version: 25.10.4 build 11173
  Created: 10-02-2026 15:17 UTC 
  System: Linux 6.8.0-1044-azure
  Runtime: Groovy 4.0.28 on OpenJDK 64-Bit Server VM 25.0.2+10-LTS
  Encoding: UTF-8 (UTF-8)
  Process: 53563@codespaces-377ff6 [127.0.0.1]
  CPUs: 2 - Mem: 7.8 GB (410.9 MB) - Swap: 0 (0)
Apr-26 17:49:45.672 [main] DEBUG nextflow.Session - Work-dir: /workspaces/clinical-ngs-pipeline/work [ext2/ext3]
Apr-26 17:49:45.674 [main] DEBUG nextflow.Session - Script base path does not exist or is not a directory: /workspaces/clinical-ngs-pipeline/bin
Apr-26 17:49:45.709 [main] DEBUG nextflow.executor.ExecutorFactory - Extension executors providers=[]
Apr-26 17:49:45.733 [main] DEBUG nextflow.Session - Observer factory (v2): LinObserverFactory
Apr-26 17:49:45.793 [main] DEBUG nextflow.Session - Observer factory (v2): DefaultObserverFactory
Apr-26 17:49:45.895 [main] DEBUG nextflow.cache.CacheFactory - Using Nextflow cache factory: nextflow.cache.DefaultCacheFactory
Apr-26 17:49:45.908 [main] DEBUG nextflow.util.CustomThreadPool - Creating default thread pool > poolSize: 3; maxThreads: 1000
Apr-26 17:49:45.990 [main] DEBUG nextflow.Session - Session start
Apr-26 17:49:46.496 [main] DEBUG nextflow.script.ScriptRunner - > Launching execution
Apr-26 17:49:47.571 [main] DEBUG nextflow.executor.ExecutorFactory - << taskConfig executor: local
Apr-26 17:49:47.572 [main] DEBUG nextflow.executor.ExecutorFactory - >> processorType: 'local'
Apr-26 17:49:47.587 [main] DEBUG nextflow.executor.Executor - [warm up] executor > local
Apr-26 17:49:47.597 [main] DEBUG n.processor.LocalPollingMonitor - Creating local task monitor for executor 'local' > cpus=2; memory=7.8 GB; capacity=2; pollInterval=100ms; dumpInterval=5m
Apr-26 17:49:47.600 [main] DEBUG n.processor.TaskPollingMonitor - >>> barrier register (monitor: local)
Apr-26 17:49:47.641 [main] DEBUG nextflow.processor.TaskProcessor - Creating process 'FASTQC': maxForks=0; fair=false; array=0
Apr-26 17:49:47.713 [main] DEBUG nextflow.executor.ExecutorFactory - << taskConfig executor: local
Apr-26 17:49:47.713 [main] DEBUG nextflow.executor.ExecutorFactory - >> processorType: 'local'
Apr-26 17:49:47.715 [main] DEBUG nextflow.processor.TaskProcessor - Creating process 'BWA_ALIGN': maxForks=0; fair=false; array=0
Apr-26 17:49:47.726 [main] DEBUG nextflow.executor.ExecutorFactory - << taskConfig executor: local
Apr-26 17:49:47.726 [main] DEBUG nextflow.executor.ExecutorFactory - >> processorType: 'local'
Apr-26 17:49:47.727 [main] DEBUG nextflow.processor.TaskProcessor - Creating process 'SORT_BAM': maxForks=0; fair=false; array=0
Apr-26 17:49:47.736 [main] DEBUG nextflow.executor.ExecutorFactory - << taskConfig executor: local
Apr-26 17:49:47.736 [main] DEBUG nextflow.executor.ExecutorFactory - >> processorType: 'local'
Apr-26 17:49:47.737 [main] DEBUG nextflow.processor.TaskProcessor - Creating process 'CALL_VARIANTS': maxForks=0; fair=false; array=0
Apr-26 17:49:47.743 [main] DEBUG nextflow.executor.ExecutorFactory - << taskConfig executor: local
Apr-26 17:49:47.743 [main] DEBUG nextflow.executor.ExecutorFactory - >> processorType: 'local'
Apr-26 17:49:47.745 [main] DEBUG nextflow.processor.TaskProcessor - Creating process 'QC_CLASSIFY': maxForks=0; fair=false; array=0
Apr-26 17:49:47.755 [main] DEBUG nextflow.executor.ExecutorFactory - << taskConfig executor: local
Apr-26 17:49:47.755 [main] DEBUG nextflow.executor.ExecutorFactory - >> processorType: 'local'
Apr-26 17:49:47.760 [main] DEBUG nextflow.processor.TaskProcessor - Creating process 'MULTIQC': maxForks=0; fair=false; array=0
Apr-26 17:49:47.798 [main] DEBUG nextflow.Session - Workflow process names [dsl2]: FASTQC, BWA_ALIGN, QC_CLASSIFY, CALL_VARIANTS, MULTIQC, SORT_BAM
Apr-26 17:49:47.806 [main] DEBUG nextflow.Session - Igniting dataflow network (7)
Apr-26 17:49:47.828 [PathVisitor-1] DEBUG nextflow.file.PathVisitor - files for syntax: glob; folder: data/; pattern: *_{1,2}.fastq.gz; options: [:]
Apr-26 17:49:47.835 [main] DEBUG nextflow.processor.TaskProcessor - Starting process > FASTQC
Apr-26 17:49:47.838 [main] DEBUG nextflow.processor.TaskProcessor - Starting process > BWA_ALIGN
Apr-26 17:49:47.839 [main] DEBUG nextflow.processor.TaskProcessor - Starting process > SORT_BAM
Apr-26 17:49:47.840 [main] DEBUG nextflow.processor.TaskProcessor - Starting process > CALL_VARIANTS
Apr-26 17:49:47.843 [main] DEBUG nextflow.processor.TaskProcessor - Starting process > QC_CLASSIFY
Apr-26 17:49:47.844 [main] DEBUG nextflow.processor.TaskProcessor - Starting process > MULTIQC
Apr-26 17:49:47.847 [main] DEBUG nextflow.script.ScriptRunner - Parsed script files:
  Script_489e8fafa8f3fbe9: /workspaces/clinical-ngs-pipeline/modules/samtools.nf
  Script_37a377158ebfabc5: /workspaces/clinical-ngs-pipeline/modules/bcftools.nf
  Script_349162b4598440b4: /workspaces/clinical-ngs-pipeline/modules/fastqc.nf
  Script_92374489577084ad: /workspaces/clinical-ngs-pipeline/modules/qc_classification.nf
  Script_6efa979bb59f4a86: /workspaces/clinical-ngs-pipeline/main.nf
  Script_eda3115023607387: /workspaces/clinical-ngs-pipeline/modules/multiqc.nf
  Script_2d40c281505a7da6: /workspaces/clinical-ngs-pipeline/modules/bwa.nf
Apr-26 17:49:47.850 [main] DEBUG nextflow.script.ScriptRunner - > Awaiting termination 
Apr-26 17:49:47.855 [main] DEBUG nextflow.Session - Session await
Apr-26 17:49:48.617 [Task submitter] DEBUG n.executor.local.LocalTaskHandler - Launch cmd line: /bin/bash -ue .command.run
Apr-26 17:49:48.625 [Task submitter] INFO  nextflow.Session - [6a/fe731a] Submitted process > BWA_ALIGN (sample)
Apr-26 17:49:48.688 [Task submitter] DEBUG n.executor.local.LocalTaskHandler - Launch cmd line: /bin/bash -ue .command.run
Apr-26 17:49:48.696 [Task submitter] INFO  nextflow.Session - [cd/d929e0] Submitted process > FASTQC (sample)
Apr-26 17:49:49.815 [Task monitor] DEBUG n.processor.TaskPollingMonitor - Task completed > TaskHandler[id: 1; name: BWA_ALIGN (sample); status: COMPLETED; exit: 0; error: -; workDir: /workspaces/clinical-ngs-pipeline/work/6a/fe731a95f5630f350105a51bc372a4]
Apr-26 17:49:49.818 [Task monitor] DEBUG nextflow.util.ThreadPoolBuilder - Creating thread pool 'TaskFinalizer' minSize=10; maxSize=10; workQueue=LinkedBlockingQueue[-1]; allowCoreThreadTimeout=false
Apr-26 17:49:50.074 [Task submitter] DEBUG n.executor.local.LocalTaskHandler - Launch cmd line: /bin/bash -ue .command.run
Apr-26 17:49:50.077 [Task submitter] INFO  nextflow.Session - [82/a82f56] Submitted process > SORT_BAM (sample)
Apr-26 17:49:51.167 [Task monitor] DEBUG n.processor.TaskPollingMonitor - Task completed > TaskHandler[id: 3; name: SORT_BAM (sample); status: COMPLETED; exit: 0; error: -; workDir: /workspaces/clinical-ngs-pipeline/work/82/a82f56fe69a244c53eb955d7c515ed]
Apr-26 17:49:51.291 [TaskFinalizer-2] DEBUG nextflow.util.ThreadPoolBuilder - Creating thread pool 'PublishDir' minSize=10; maxSize=10; workQueue=LinkedBlockingQueue[-1]; allowCoreThreadTimeout=false
Apr-26 17:49:51.345 [Task submitter] DEBUG n.executor.local.LocalTaskHandler - Launch cmd line: /bin/bash -ue .command.run
Apr-26 17:49:51.347 [Task submitter] INFO  nextflow.Session - [81/cb55e0] Submitted process > CALL_VARIANTS (sample)
Apr-26 17:49:52.836 [Task monitor] DEBUG n.processor.TaskPollingMonitor - Task completed > TaskHandler[id: 4; name: CALL_VARIANTS (sample); status: COMPLETED; exit: 0; error: -; workDir: /workspaces/clinical-ngs-pipeline/work/81/cb55e05fddd0be1a1e0e156357700b]
Apr-26 17:49:53.044 [Task submitter] DEBUG n.executor.local.LocalTaskHandler - Launch cmd line: /bin/bash -ue .command.run
Apr-26 17:49:53.060 [Task submitter] INFO  nextflow.Session - [f2/a3d90b] Submitted process > QC_CLASSIFY (sample)
Apr-26 17:49:54.401 [Task monitor] DEBUG n.processor.TaskPollingMonitor - Task completed > TaskHandler[id: 5; name: QC_CLASSIFY (sample); status: COMPLETED; exit: 0; error: -; workDir: /workspaces/clinical-ngs-pipeline/work/f2/a3d90bcbc0085fdf30ae8d848ffc1b]
Apr-26 17:49:56.602 [Task monitor] DEBUG n.processor.TaskPollingMonitor - Task completed > TaskHandler[id: 2; name: FASTQC (sample); status: COMPLETED; exit: 0; error: -; workDir: /workspaces/clinical-ngs-pipeline/work/cd/d929e06d58f7059156a120acb18888]
Apr-26 17:49:56.640 [Task submitter] DEBUG n.executor.local.LocalTaskHandler - Launch cmd line: /bin/bash -ue .command.run
Apr-26 17:49:56.641 [Task submitter] INFO  nextflow.Session - [fb/51b0d7] Submitted process > MULTIQC (1)
Apr-26 17:50:02.299 [Task monitor] DEBUG n.processor.TaskPollingMonitor - Task completed > TaskHandler[id: 6; name: MULTIQC (1); status: COMPLETED; exit: 0; error: -; workDir: /workspaces/clinical-ngs-pipeline/work/fb/51b0d7f506e68d5e4f2b340e794319]
Apr-26 17:50:02.307 [main] DEBUG nextflow.Session - Session await > all processes finished
Apr-26 17:50:02.400 [Task monitor] DEBUG n.processor.TaskPollingMonitor - <<< barrier arrives (monitor: local) - terminating tasks monitor poll loop
Apr-26 17:50:02.401 [main] DEBUG nextflow.Session - Session await > all barriers passed
Apr-26 17:50:02.405 [main] DEBUG nextflow.util.ThreadPoolManager - Thread pool 'TaskFinalizer' shutdown completed (hard=false)
Apr-26 17:50:02.407 [main] DEBUG nextflow.util.ThreadPoolManager - Thread pool 'PublishDir' shutdown completed (hard=false)
Apr-26 17:50:02.422 [main] DEBUG n.trace.WorkflowStatsObserver - Workflow completed > WorkflowStats[succeededCount=6; failedCount=0; ignoredCount=0; cachedCount=0; pendingCount=0; submittedCount=0; runningCount=0; retriesCount=0; abortedCount=0; succeedDuration=18.3s; failedDuration=0ms; cachedDuration=0ms;loadCpus=0; loadMemory=0; peakRunning=2; peakCpus=2; peakMemory=0; ]
Apr-26 17:50:02.546 [main] DEBUG nextflow.cache.CacheDB - Closing CacheDB done
Apr-26 17:50:02.601 [main] DEBUG nextflow.util.ThreadPoolManager - Thread pool 'FileTransfer' shutdown completed (hard=false)
Apr-26 17:50:02.607 [main] DEBUG nextflow.script.ScriptRunner - > Execution complete -- Goodbye
